e:\projects\chat app\chat uwp\x64\debug\chat uwp\chat_uwp.winmd
e:\projects\chat app\chat uwp\x64\debug\chat uwp\chat uwp.lib
e:\projects\chat app\chat uwp\x64\debug\chat uwp\chat uwp.exp
e:\projects\chat app\chat uwp\x64\debug\chat uwp.vcxproj.assemblyreference.cache
e:\projects\chat app\chat uwp\generated files\app.g.h
e:\projects\chat app\chat uwp\generated files\addcontact.g.h
e:\projects\chat app\chat uwp\generated files\chatsuc.g.h
e:\projects\chat app\chat uwp\generated files\contactsuc.g.h
e:\projects\chat app\chat uwp\generated files\contactuc.g.h
e:\projects\chat app\chat uwp\generated files\entry.g.h
e:\projects\chat app\chat uwp\generated files\mainpage.g.h
e:\projects\chat app\chat uwp\generated files\messageuc.g.h
e:\projects\chat app\chat uwp\generated files\registerpage.g.h
e:\projects\chat app\chat uwp\generated files\statusuc.g.h
e:\projects\chat app\chat uwp\generated files\textspace.g.h
e:\projects\chat app\chat uwp\generated files\xamllibmetadataprovider.g.cpp
e:\projects\chat app\chat uwp\generated files\xamltypeinfo.impl.g.cpp
e:\projects\chat app\chat uwp\generated files\app.xaml
e:\projects\chat app\chat uwp\generated files\addcontact.xaml
e:\projects\chat app\chat uwp\generated files\chatsuc.xaml
e:\projects\chat app\chat uwp\generated files\contactsuc.xaml
e:\projects\chat app\chat uwp\generated files\contactuc.xaml
e:\projects\chat app\chat uwp\generated files\entry.xaml
e:\projects\chat app\chat uwp\generated files\mainpage.xaml
e:\projects\chat app\chat uwp\generated files\messageuc.xaml
e:\projects\chat app\chat uwp\generated files\registerpage.xaml
e:\projects\chat app\chat uwp\generated files\statusuc.xaml
e:\projects\chat app\chat uwp\generated files\textspace.xaml
e:\projects\chat app\chat uwp\generated files\app.xbf
e:\projects\chat app\chat uwp\generated files\addcontact.xbf
e:\projects\chat app\chat uwp\generated files\chatsuc.xbf
e:\projects\chat app\chat uwp\generated files\contactsuc.xbf
e:\projects\chat app\chat uwp\generated files\contactuc.xbf
e:\projects\chat app\chat uwp\generated files\entry.xbf
e:\projects\chat app\chat uwp\generated files\mainpage.xbf
e:\projects\chat app\chat uwp\generated files\messageuc.xbf
e:\projects\chat app\chat uwp\generated files\registerpage.xbf
e:\projects\chat app\chat uwp\generated files\statusuc.xbf
e:\projects\chat app\chat uwp\generated files\textspace.xbf
e:\projects\chat app\chat uwp\x64\debug\xamlsavestatefile.xml
e:\projects\chat app\chat uwp\generated files\xamltypeinfo.g.cpp
e:\projects\chat app\chat uwp\x64\debug\chat uwp\app.xbf
e:\projects\chat app\chat uwp\x64\debug\chat uwp\addcontact.xbf
e:\projects\chat app\chat uwp\x64\debug\chat uwp\chatsuc.xbf
e:\projects\chat app\chat uwp\x64\debug\chat uwp\contactsuc.xbf
e:\projects\chat app\chat uwp\x64\debug\chat uwp\contactuc.xbf
e:\projects\chat app\chat uwp\x64\debug\chat uwp\entry.xbf
e:\projects\chat app\chat uwp\x64\debug\chat uwp\mainpage.xbf
e:\projects\chat app\chat uwp\x64\debug\chat uwp\messageuc.xbf
e:\projects\chat app\chat uwp\x64\debug\chat uwp\registerpage.xbf
e:\projects\chat app\chat uwp\x64\debug\chat uwp\statusuc.xbf
e:\projects\chat app\chat uwp\x64\debug\chat uwp\textspace.xbf
e:\projects\chat app\chat uwp\x64\debug\resourcehandlingtask.state
e:\projects\chat app\chat uwp\x64\debug\chat uwp.vcxproj.generateresource.cache
e:\projects\chat app\chat uwp\x64\debug\priconfig.xml
e:\projects\chat app\chat uwp\x64\debug\priconfig.xml.intermediate
e:\projects\chat app\chat uwp\x64\debug\unfiltered.layout.resfiles
e:\projects\chat app\chat uwp\x64\debug\unfiltered.layout.resfiles.intermediate
e:\projects\chat app\chat uwp\x64\debug\filtered.layout.resfiles
e:\projects\chat app\chat uwp\x64\debug\filtered.layout.resfiles.intermediate
e:\projects\chat app\chat uwp\x64\debug\excluded.layout.resfiles
e:\projects\chat app\chat uwp\x64\debug\excluded.layout.resfiles.intermediate
e:\projects\chat app\chat uwp\x64\debug\resources.resfiles
e:\projects\chat app\chat uwp\x64\debug\resources.resfiles.intermediate
e:\projects\chat app\chat uwp\x64\debug\pri.resfiles
e:\projects\chat app\chat uwp\x64\debug\pri.resfiles.intermediate
e:\projects\chat app\chat uwp\x64\debug\chat uwp\resources.pri
e:\projects\chat app\chat uwp\x64\debug\qualifiers.txt
e:\projects\chat app\chat uwp\x64\debug\qualifiers.txt.intermediate
e:\projects\chat app\chat uwp\x64\debug\multiplequalifiersperdimensionfound.txt
e:\projects\chat app\chat uwp\x64\debug\projectarchitectures.txt
e:\projects\chat app\chat uwp\x64\debug\chat uwp\appxmanifest.xml
e:\projects\chat app\chat uwp\x64\debug\chat uwp\chat uwp.build.appxrecipe
e:\projects\chat app\chat uwp\generated files\edituc.g.h
e:\projects\chat app\chat uwp\generated files\edituc.xaml
e:\projects\chat app\chat uwp\generated files\edituc.xbf
e:\projects\chat app\chat uwp\x64\debug\chat uwp\edituc.xbf
e:\projects\chat app\chat uwp\generated files\addstatusuc.g.h
e:\projects\chat app\chat uwp\generated files\addstatusuc.xaml
e:\projects\chat app\chat uwp\generated files\addstatusuc.xbf
e:\projects\chat app\chat uwp\x64\debug\chat uwp\addstatusuc.xbf
e:\projects\chat app\chat uwp\generated files\newgroupuc.g.h
e:\projects\chat app\chat uwp\generated files\newgroupuc.xaml
e:\projects\chat app\chat uwp\generated files\newgroupuc.xbf
e:\projects\chat app\chat uwp\x64\debug\chat uwp\newgroupuc.xbf
e:\projects\chat app\chat uwp\generated files\statusvieweruc.g.h
e:\projects\chat app\chat uwp\generated files\statusvieweruc.xaml
e:\projects\chat app\chat uwp\generated files\statusvieweruc.xbf
e:\projects\chat app\chat uwp\x64\debug\chat uwp\statusvieweruc.xbf
c:\users\ahmed\onedrive\desktop\my original\x64\debug\chat uwp\chat_uwp.winmd
c:\users\ahmed\onedrive\desktop\my original\x64\debug\chat uwp\chat uwp.lib
c:\users\ahmed\onedrive\desktop\my original\x64\debug\chat uwp\chat uwp.exp
c:\users\ahmed\onedrive\desktop\my original\x64\debug\chat uwp.vcxproj.assemblyreference.cache
c:\users\ahmed\onedrive\desktop\my original\generated files\app.g.h
c:\users\ahmed\onedrive\desktop\my original\generated files\addcontact.g.h
c:\users\ahmed\onedrive\desktop\my original\generated files\addstatusuc.g.h
c:\users\ahmed\onedrive\desktop\my original\generated files\chatsuc.g.h
c:\users\ahmed\onedrive\desktop\my original\generated files\contactsuc.g.h
c:\users\ahmed\onedrive\desktop\my original\generated files\contactuc.g.h
c:\users\ahmed\onedrive\desktop\my original\generated files\edituc.g.h
c:\users\ahmed\onedrive\desktop\my original\generated files\entry.g.h
c:\users\ahmed\onedrive\desktop\my original\generated files\mainpage.g.h
c:\users\ahmed\onedrive\desktop\my original\generated files\messageuc.g.h
c:\users\ahmed\onedrive\desktop\my original\generated files\newgroupuc.g.h
c:\users\ahmed\onedrive\desktop\my original\generated files\registerpage.g.h
c:\users\ahmed\onedrive\desktop\my original\generated files\statusuc.g.h
c:\users\ahmed\onedrive\desktop\my original\generated files\statusvieweruc.g.h
c:\users\ahmed\onedrive\desktop\my original\generated files\textspace.g.h
c:\users\ahmed\onedrive\desktop\my original\generated files\xamllibmetadataprovider.g.cpp
c:\users\ahmed\onedrive\desktop\my original\generated files\xamltypeinfo.impl.g.cpp
c:\users\ahmed\onedrive\desktop\my original\generated files\app.xaml
c:\users\ahmed\onedrive\desktop\my original\generated files\addcontact.xaml
c:\users\ahmed\onedrive\desktop\my original\generated files\addstatusuc.xaml
c:\users\ahmed\onedrive\desktop\my original\generated files\chatsuc.xaml
c:\users\ahmed\onedrive\desktop\my original\generated files\contactsuc.xaml
c:\users\ahmed\onedrive\desktop\my original\generated files\contactuc.xaml
c:\users\ahmed\onedrive\desktop\my original\generated files\edituc.xaml
c:\users\ahmed\onedrive\desktop\my original\generated files\entry.xaml
c:\users\ahmed\onedrive\desktop\my original\generated files\mainpage.xaml
c:\users\ahmed\onedrive\desktop\my original\generated files\messageuc.xaml
c:\users\ahmed\onedrive\desktop\my original\generated files\newgroupuc.xaml
c:\users\ahmed\onedrive\desktop\my original\generated files\registerpage.xaml
c:\users\ahmed\onedrive\desktop\my original\generated files\statusuc.xaml
c:\users\ahmed\onedrive\desktop\my original\generated files\statusvieweruc.xaml
c:\users\ahmed\onedrive\desktop\my original\generated files\textspace.xaml
c:\users\ahmed\onedrive\desktop\my original\generated files\app.xbf
c:\users\ahmed\onedrive\desktop\my original\generated files\addcontact.xbf
c:\users\ahmed\onedrive\desktop\my original\generated files\addstatusuc.xbf
c:\users\ahmed\onedrive\desktop\my original\generated files\chatsuc.xbf
c:\users\ahmed\onedrive\desktop\my original\generated files\contactsuc.xbf
c:\users\ahmed\onedrive\desktop\my original\generated files\contactuc.xbf
c:\users\ahmed\onedrive\desktop\my original\generated files\edituc.xbf
c:\users\ahmed\onedrive\desktop\my original\generated files\entry.xbf
c:\users\ahmed\onedrive\desktop\my original\generated files\mainpage.xbf
c:\users\ahmed\onedrive\desktop\my original\generated files\messageuc.xbf
c:\users\ahmed\onedrive\desktop\my original\generated files\newgroupuc.xbf
c:\users\ahmed\onedrive\desktop\my original\generated files\registerpage.xbf
c:\users\ahmed\onedrive\desktop\my original\generated files\statusuc.xbf
c:\users\ahmed\onedrive\desktop\my original\generated files\statusvieweruc.xbf
c:\users\ahmed\onedrive\desktop\my original\generated files\textspace.xbf
c:\users\ahmed\onedrive\desktop\my original\x64\debug\xamlsavestatefile.xml
c:\users\ahmed\onedrive\desktop\my original\generated files\xamltypeinfo.g.cpp
c:\users\ahmed\onedrive\desktop\my original\x64\debug\chat uwp\app.xbf
c:\users\ahmed\onedrive\desktop\my original\x64\debug\chat uwp\addcontact.xbf
c:\users\ahmed\onedrive\desktop\my original\x64\debug\chat uwp\addstatusuc.xbf
c:\users\ahmed\onedrive\desktop\my original\x64\debug\chat uwp\chatsuc.xbf
c:\users\ahmed\onedrive\desktop\my original\x64\debug\chat uwp\contactsuc.xbf
c:\users\ahmed\onedrive\desktop\my original\x64\debug\chat uwp\contactuc.xbf
c:\users\ahmed\onedrive\desktop\my original\x64\debug\chat uwp\edituc.xbf
c:\users\ahmed\onedrive\desktop\my original\x64\debug\chat uwp\entry.xbf
c:\users\ahmed\onedrive\desktop\my original\x64\debug\chat uwp\mainpage.xbf
c:\users\ahmed\onedrive\desktop\my original\x64\debug\chat uwp\messageuc.xbf
c:\users\ahmed\onedrive\desktop\my original\x64\debug\chat uwp\newgroupuc.xbf
c:\users\ahmed\onedrive\desktop\my original\x64\debug\chat uwp\registerpage.xbf
c:\users\ahmed\onedrive\desktop\my original\x64\debug\chat uwp\statusuc.xbf
c:\users\ahmed\onedrive\desktop\my original\x64\debug\chat uwp\statusvieweruc.xbf
c:\users\ahmed\onedrive\desktop\my original\x64\debug\chat uwp\textspace.xbf
c:\users\ahmed\onedrive\desktop\my original\x64\debug\resourcehandlingtask.state
c:\users\ahmed\onedrive\desktop\my original\x64\debug\chat uwp.vcxproj.generateresource.cache
c:\users\ahmed\onedrive\desktop\my original\x64\debug\priconfig.xml
c:\users\ahmed\onedrive\desktop\my original\x64\debug\priconfig.xml.intermediate
c:\users\ahmed\onedrive\desktop\my original\x64\debug\unfiltered.layout.resfiles
c:\users\ahmed\onedrive\desktop\my original\x64\debug\unfiltered.layout.resfiles.intermediate
c:\users\ahmed\onedrive\desktop\my original\x64\debug\filtered.layout.resfiles
c:\users\ahmed\onedrive\desktop\my original\x64\debug\filtered.layout.resfiles.intermediate
c:\users\ahmed\onedrive\desktop\my original\x64\debug\excluded.layout.resfiles
c:\users\ahmed\onedrive\desktop\my original\x64\debug\excluded.layout.resfiles.intermediate
c:\users\ahmed\onedrive\desktop\my original\x64\debug\resources.resfiles
c:\users\ahmed\onedrive\desktop\my original\x64\debug\resources.resfiles.intermediate
c:\users\ahmed\onedrive\desktop\my original\x64\debug\pri.resfiles
c:\users\ahmed\onedrive\desktop\my original\x64\debug\pri.resfiles.intermediate
c:\users\ahmed\onedrive\desktop\my original\x64\debug\chat uwp\resources.pri
c:\users\ahmed\onedrive\desktop\my original\x64\debug\qualifiers.txt
c:\users\ahmed\onedrive\desktop\my original\x64\debug\qualifiers.txt.intermediate
c:\users\ahmed\onedrive\desktop\my original\x64\debug\multiplequalifiersperdimensionfound.txt
c:\users\ahmed\onedrive\desktop\my original\x64\debug\projectarchitectures.txt
c:\users\ahmed\onedrive\desktop\my original\x64\debug\chat uwp\appxmanifest.xml
c:\users\ahmed\onedrive\desktop\my original\x64\debug\chat uwp\chat uwp.build.appxrecipe
e:\projects\chat app\chat uwp\x64\debug\addcontact.xaml.obj
e:\projects\chat app\chat uwp\x64\debug\statusuc.xaml.obj
e:\projects\chat app\chat uwp\x64\debug\contacts.obj
e:\projects\chat app\chat uwp\x64\debug\mainpage.xaml.obj
e:\projects\chat app\chat uwp\x64\debug\textspace.xaml.obj
e:\projects\chat app\chat uwp\x64\debug\app.xaml.obj
e:\projects\chat app\chat uwp\x64\debug\registerpage.xaml.obj
e:\projects\chat app\chat uwp\x64\debug\files.obj
e:\projects\chat app\chat uwp\x64\debug\messageuc.xaml.obj
e:\projects\chat app\chat uwp\x64\debug\user.obj
e:\projects\chat app\chat uwp\x64\debug\chatsuc.xaml.obj
e:\projects\chat app\chat uwp\x64\debug\contactsuc.xaml.obj
e:\projects\chat app\chat uwp\x64\debug\xamltypeinfo.impl.g.obj
e:\projects\chat app\chat uwp\x64\debug\contactuc.xaml.obj
e:\projects\chat app\chat uwp\x64\debug\entry.xaml.obj
e:\projects\chat app\chat uwp\x64\debug\edituc.xaml.obj
e:\projects\chat app\chat uwp\x64\debug\addstatusuc.xaml.obj
e:\projects\chat app\chat uwp\x64\debug\message.obj
e:\projects\chat app\chat uwp\x64\debug\story.obj
e:\projects\chat app\chat uwp\x64\debug\chat uwp.pch
e:\projects\chat app\chat uwp\x64\debug\vc143.pdb
e:\projects\chat app\chat uwp\x64\debug\vc143.idb
e:\projects\chat app\chat uwp\x64\debug\pch.obj
e:\projects\chat app\chat uwp\x64\debug\newgroupuc.xaml.obj
e:\projects\chat app\chat uwp\x64\debug\statusvieweruc.xaml.obj
e:\projects\chat app\chat uwp\x64\debug\xamltypeinfo.g.obj
c:\users\ahmed\onedrive\desktop\my original\x64\debug\chat uwp.pch
c:\users\ahmed\onedrive\desktop\my original\x64\debug\vc143.pdb
c:\users\ahmed\onedrive\desktop\my original\x64\debug\vc143.idb
c:\users\ahmed\onedrive\desktop\my original\x64\debug\pch.obj
c:\users\ahmed\onedrive\desktop\my original\x64\debug\contactuc.xaml.obj
c:\users\ahmed\onedrive\desktop\my original\x64\debug\addcontact.xaml.obj
c:\users\ahmed\onedrive\desktop\my original\x64\debug\message.obj
c:\users\ahmed\onedrive\desktop\my original\x64\debug\newgroupuc.xaml.obj
c:\users\ahmed\onedrive\desktop\my original\x64\debug\story.obj
c:\users\ahmed\onedrive\desktop\my original\x64\debug\user.obj
c:\users\ahmed\onedrive\desktop\my original\x64\debug\xamltypeinfo.impl.g.obj
c:\users\ahmed\onedrive\desktop\my original\x64\debug\app.xaml.obj
c:\users\ahmed\onedrive\desktop\my original\x64\debug\mainpage.xaml.obj
c:\users\ahmed\onedrive\desktop\my original\x64\debug\statusvieweruc.xaml.obj
c:\users\ahmed\onedrive\desktop\my original\x64\debug\addstatusuc.xaml.obj
c:\users\ahmed\onedrive\desktop\my original\x64\debug\messageuc.xaml.obj
c:\users\ahmed\onedrive\desktop\my original\x64\debug\textspace.xaml.obj
c:\users\ahmed\onedrive\desktop\my original\x64\debug\contacts.obj
c:\users\ahmed\onedrive\desktop\my original\x64\debug\entry.xaml.obj
c:\users\ahmed\onedrive\desktop\my original\x64\debug\edituc.xaml.obj
c:\users\ahmed\onedrive\desktop\my original\x64\debug\registerpage.xaml.obj
c:\users\ahmed\onedrive\desktop\my original\x64\debug\contactsuc.xaml.obj
c:\users\ahmed\onedrive\desktop\my original\x64\debug\statusuc.xaml.obj
c:\users\ahmed\onedrive\desktop\my original\x64\debug\chatsuc.xaml.obj
c:\users\ahmed\onedrive\desktop\my original\x64\debug\xamltypeinfo.g.obj
e:\projects\chat app\chat uwp\x64\debug\chat uwp.tlog\chat_uwp.winmd.lastbuild
e:\projects\chat app\chat uwp\x64\debug\chat uwp\chat uwp.exe
e:\projects\chat app\chat uwp\x64\debug\chat uwp.ilk
e:\projects\chat app\chat uwp\x64\debug\chat uwp\chat uwp.pdb
c:\users\ahmed\onedrive\desktop\my original\x64\debug\chat uwp.tlog\chat_uwp.winmd.lastbuild
c:\users\ahmed\onedrive\desktop\my original\x64\debug\chat uwp.ilk
c:\users\ahmed\onedrive\desktop\my original\x64\debug\chat uwp\chat uwp.exe
c:\users\ahmed\onedrive\desktop\my original\x64\debug\chat uwp\chat uwp.pdb
e:\projects\chat app\chat uwp\x64\debug\chat uwp.tlog\chat uwp.read.1u.tlog
e:\projects\chat app\chat uwp\x64\debug\chat uwp.tlog\chat uwp.write.1u.tlog
e:\projects\chat app\chat uwp\x64\debug\chat uwp.tlog\cl.command.1.tlog
e:\projects\chat app\chat uwp\x64\debug\chat uwp.tlog\cl.read.1.tlog
e:\projects\chat app\chat uwp\x64\debug\chat uwp.tlog\cl.write.1.tlog
e:\projects\chat app\chat uwp\x64\debug\chat uwp.tlog\link.command.1.tlog
e:\projects\chat app\chat uwp\x64\debug\chat uwp.tlog\link.read.1.tlog
e:\projects\chat app\chat uwp\x64\debug\chat uwp.tlog\link.write.1.tlog
e:\projects\chat app\chat uwp\x64\debug\chat uwp.tlog\xaml.read.1u.tlog
e:\projects\chat app\chat uwp\generated files\xamlbindinginfo.g.h
e:\projects\chat app\chat uwp\generated files\xamltypeinfo.g.h
